Performing C SOURCE FILE Test CMAKE_HAVE_LIBC_PTHREAD failed with the following output:
Change Dir: /home/ecd_hyb_1771632295832877/Desktop/code/cmu15-445/build_debug/CMakeFiles/CMakeTmp

Run Build Command(s):/usr/bin/make cmTC_5d8bd/fast && make[1]: Entering directory '/home/ecd_hyb_1771632295832877/Desktop/code/cmu15-445/build_debug/CMakeFiles/CMakeTmp'
/usr/bin/make -f CMakeFiles/cmTC_5d8bd.dir/build.make CMakeFiles/cmTC_5d8bd.dir/build
make[2]: Entering directory '/home/ecd_hyb_1771632295832877/Desktop/code/cmu15-445/build_debug/CMakeFiles/CMakeTmp'
Building C object CMakeFiles/cmTC_5d8bd.dir/src.c.o
/usr/bin/cc   -DCMAKE_HAVE_LIBC_PTHREAD   -o CMakeFiles/cmTC_5d8bd.dir/src.c.o   -c /home/ecd_hyb_1771632295832877/Desktop/code/cmu15-445/build_debug/CMakeFiles/CMakeTmp/src.c
Linking C executable cmTC_5d8bd
/usr/bin/cmake -E cmake_link_script CMakeFiles/cmTC_5d8bd.dir/link.txt --verbose=1
/usr/bin/cc  -DCMAKE_HAVE_LIBC_PTHREAD    CMakeFiles/cmTC_5d8bd.dir/src.c.o  -o cmTC_5d8bd 
/usr/bin/ld: CMakeFiles/cmTC_5d8bd.dir/src.c.o: in function `main':
src.c:(.text+0x46): undefined reference to `pthread_create'
/usr/bin/ld: src.c:(.text+0x52): undefined reference to `pthread_detach'
/usr/bin/ld: src.c:(.text+0x63): undefined reference to `pthread_join'
collect2: error: ld returned 1 exit status
make[2]: *** [CMakeFiles/cmTC_5d8bd.dir/build.make:87: cmTC_5d8bd] Error 1
make[2]: Leaving directory '/home/ecd_hyb_1771632295832877/Desktop/code/cmu15-445/build_debug/CMakeFiles/CMakeTmp'
make[1]: *** [Makefile:121: cmTC_5d8bd/fast] Error 2
make[1]: Leaving directory '/home/ecd_hyb_1771632295832877/Desktop/code/cmu15-445/build_debug/CMakeFiles/CMakeTmp'


Source file was:
#include <pthread.h>

void* test_func(void* data)
{
  return data;
}

int main(void)
{
  pthread_t thread;
  pthread_create(&thread, NULL, test_func, NULL);
  pthread_detach(thread);
  pthread_join(thread, NULL);
  pthread_atfork(NULL, NULL, NULL);
  pthread_exit(NULL);

  return 0;
}

Determining if the function pthread_create exists in the pthreads failed with the following output:
Change Dir: /home/ecd_hyb_1771632295832877/Desktop/code/cmu15-445/build_debug/CMakeFiles/CMakeTmp

Run Build Command(s):/usr/bin/make cmTC_bff4a/fast && make[1]: Entering directory '/home/ecd_hyb_1771632295832877/Desktop/code/cmu15-445/build_debug/CMakeFiles/CMakeTmp'
/usr/bin/make -f CMakeFiles/cmTC_bff4a.dir/build.make CMakeFiles/cmTC_bff4a.dir/build
make[2]: Entering directory '/home/ecd_hyb_1771632295832877/Desktop/code/cmu15-445/build_debug/CMakeFiles/CMakeTmp'
Building C object CMakeFiles/cmTC_bff4a.dir/CheckFunctionExists.c.o
/usr/bin/cc   -DCHECK_FUNCTION_EXISTS=pthread_create   -o CMakeFiles/cmTC_bff4a.dir/CheckFunctionExists.c.o   -c /usr/share/cmake-3.16/Modules/CheckFunctionExists.c
Linking C executable cmTC_bff4a
/usr/bin/cmake -E cmake_link_script CMakeFiles/cmTC_bff4a.dir/link.txt --verbose=1
/usr/bin/cc  -DCHECK_FUNCTION_EXISTS=pthread_create    CMakeFiles/cmTC_bff4a.dir/CheckFunctionExists.c.o  -o cmTC_bff4a  -lpthreads 
/usr/bin/ld: cannot find -lpthreads
collect2: error: ld returned 1 exit status
make[2]: *** [CMakeFiles/cmTC_bff4a.dir/build.make:87: cmTC_bff4a] Error 1
make[2]: Leaving directory '/home/ecd_hyb_1771632295832877/Desktop/code/cmu15-445/build_debug/CMakeFiles/CMakeTmp'
make[1]: *** [Makefile:121: cmTC_bff4a/fast] Error 2
make[1]: Leaving directory '/home/ecd_hyb_1771632295832877/Desktop/code/cmu15-445/build_debug/CMakeFiles/CMakeTmp'



Performing C SOURCE FILE Test CMAKE_HAVE_LIBC_PTHREAD failed with the following output:
Change Dir: /home/ecd_hyb_1771632295832877/Desktop/code/cmu15-445/build_debug/CMakeFiles/CMakeTmp

Run Build Command(s):/usr/bin/make cmTC_18467/fast && /usr/bin/make -f CMakeFiles/cmTC_18467.dir/build.make CMakeFiles/cmTC_18467.dir/build
make[1]: Entering directory '/home/ecd_hyb_1771632295832877/Desktop/code/cmu15-445/build_debug/CMakeFiles/CMakeTmp'
Building C object CMakeFiles/cmTC_18467.dir/src.c.o
/usr/bin/cc   -DCMAKE_HAVE_LIBC_PTHREAD   -o CMakeFiles/cmTC_18467.dir/src.c.o   -c /home/ecd_hyb_1771632295832877/Desktop/code/cmu15-445/build_debug/CMakeFiles/CMakeTmp/src.c
Linking C executable cmTC_18467
/usr/bin/cmake -E cmake_link_script CMakeFiles/cmTC_18467.dir/link.txt --verbose=1
/usr/bin/cc  -DCMAKE_HAVE_LIBC_PTHREAD    CMakeFiles/cmTC_18467.dir/src.c.o  -o cmTC_18467 
/usr/bin/ld: CMakeFiles/cmTC_18467.dir/src.c.o: in function `main':
src.c:(.text+0x46): undefined reference to `pthread_create'
/usr/bin/ld: src.c:(.text+0x52): undefined reference to `pthread_detach'
/usr/bin/ld: src.c:(.text+0x63): undefined reference to `pthread_join'
collect2: error: ld returned 1 exit status
make[1]: *** [CMakeFiles/cmTC_18467.dir/build.make:87: cmTC_18467] Error 1
make[1]: Leaving directory '/home/ecd_hyb_1771632295832877/Desktop/code/cmu15-445/build_debug/CMakeFiles/CMakeTmp'
make: *** [Makefile:121: cmTC_18467/fast] Error 2


Source file was:
#include <pthread.h>

void* test_func(void* data)
{
  return data;
}

int main(void)
{
  pthread_t thread;
  pthread_create(&thread, NULL, test_func, NULL);
  pthread_detach(thread);
  pthread_join(thread, NULL);
  pthread_atfork(NULL, NULL, NULL);
  pthread_exit(NULL);

  return 0;
}

Determining if the function pthread_create exists in the pthreads failed with the following output:
Change Dir: /home/ecd_hyb_1771632295832877/Desktop/code/cmu15-445/build_debug/CMakeFiles/CMakeTmp

Run Build Command(s):/usr/bin/make cmTC_7fa37/fast && /usr/bin/make -f CMakeFiles/cmTC_7fa37.dir/build.make CMakeFiles/cmTC_7fa37.dir/build
make[1]: Entering directory '/home/ecd_hyb_1771632295832877/Desktop/code/cmu15-445/build_debug/CMakeFiles/CMakeTmp'
Building C object CMakeFiles/cmTC_7fa37.dir/CheckFunctionExists.c.o
/usr/bin/cc   -DCHECK_FUNCTION_EXISTS=pthread_create   -o CMakeFiles/cmTC_7fa37.dir/CheckFunctionExists.c.o   -c /usr/share/cmake-3.16/Modules/CheckFunctionExists.c
Linking C executable cmTC_7fa37
/usr/bin/cmake -E cmake_link_script CMakeFiles/cmTC_7fa37.dir/link.txt --verbose=1
/usr/bin/cc  -DCHECK_FUNCTION_EXISTS=pthread_create    CMakeFiles/cmTC_7fa37.dir/CheckFunctionExists.c.o  -o cmTC_7fa37  -lpthreads 
/usr/bin/ld: cannot find -lpthreads
collect2: error: ld returned 1 exit status
make[1]: *** [CMakeFiles/cmTC_7fa37.dir/build.make:87: cmTC_7fa37] Error 1
make[1]: Leaving directory '/home/ecd_hyb_1771632295832877/Desktop/code/cmu15-445/build_debug/CMakeFiles/CMakeTmp'
make: *** [Makefile:121: cmTC_7fa37/fast] Error 2



